This is pdfTeX, Version 3.14159265-2.6-1.40.17 (TeX Live 2016/W32TeX) (preloaded format=pdflatex 2017.7.3)  15 DEC 2017 08:34
entering extended mode
 \write18 enabled.
 %&-line parsing enabled.
**./SpeedComparisonC1.tex
(./SpeedComparisonC1.tex
LaTeX2e <2016/03/31> patch level 3
Babel <3.9r> and hyphenation patterns for 83 language(s) loaded.
(c:/texlive/2016/texmf-dist/tex/latex/base/article.cls
Document Class: article 2014/09/29 v1.4h Standard LaTeX document class
(c:/texlive/2016/texmf-dist/tex/latex/base/size10.clo
File: size10.clo 2014/09/29 v1.4h Standard LaTeX file (size option)
)
\c@part=\count79
\c@section=\count80
\c@subsection=\count81
\c@subsubsection=\count82
\c@paragraph=\count83
\c@subparagraph=\count84
\c@figure=\count85
\c@table=\count86
\abovecaptionskip=\skip41
\belowcaptionskip=\skip42
\bibindent=\dimen102
)
(c:/texlive/2016/texmf-dist/tex/latex/pgfplots/pgfplots.sty
(c:/texlive/2016/texmf-dist/tex/generic/pgfplots/pgfplots.revision.tex)
Package: pgfplots 2016/08/10 v1.14 Data Visualization (1.14)

(c:/texlive/2016/texmf-dist/tex/latex/graphics/graphicx.sty
Package: graphicx 2014/10/28 v1.0g Enhanced LaTeX Graphics (DPC,SPQR)

(c:/texlive/2016/texmf-dist/tex/latex/graphics/keyval.sty
Package: keyval 2014/10/28 v1.15 key=value parser (DPC)
\KV@toks@=\toks14
)
(c:/texlive/2016/texmf-dist/tex/latex/graphics/graphics.sty
Package: graphics 2016/07/10 v1.0t Standard LaTeX Graphics (DPC,SPQR)

(c:/texlive/2016/texmf-dist/tex/latex/graphics/trig.sty
Package: trig 2016/01/03 v1.10 sin cos tan (DPC)
)
(c:/texlive/2016/texmf-dist/tex/latex/graphics-cfg/graphics.cfg
File: graphics.cfg 2016/06/04 v1.11 sample graphics configuration
)
Package graphics Info: Driver file: pdftex.def on input line 99.

(c:/texlive/2016/texmf-dist/tex/latex/graphics-def/pdftex.def
File: pdftex.def 2016/07/10 v0.06j Graphics/color for pdfTeX

(c:/texlive/2016/texmf-dist/tex/generic/oberdiek/infwarerr.sty
Package: infwarerr 2016/05/16 v1.4 Providing info/warning/error messages (HO)
)
(c:/texlive/2016/texmf-dist/tex/generic/oberdiek/ltxcmds.sty
Package: ltxcmds 2016/05/16 v1.23 LaTeX kernel commands for general use (HO)
)
\Gread@gobject=\count87
))
\Gin@req@height=\dimen103
\Gin@req@width=\dimen104
)
(c:/texlive/2016/texmf-dist/tex/latex/pgf/frontendlayer/tikz.sty
(c:/texlive/2016/texmf-dist/tex/latex/pgf/basiclayer/pgf.sty
(c:/texlive/2016/texmf-dist/tex/latex/pgf/utilities/pgfrcs.sty
(c:/texlive/2016/texmf-dist/tex/generic/pgf/utilities/pgfutil-common.tex
\pgfutil@everybye=\toks15
\pgfutil@tempdima=\dimen105
\pgfutil@tempdimb=\dimen106

(c:/texlive/2016/texmf-dist/tex/generic/pgf/utilities/pgfutil-common-lists.tex)
) (c:/texlive/2016/texmf-dist/tex/generic/pgf/utilities/pgfutil-latex.def
\pgfutil@abb=\box26

(c:/texlive/2016/texmf-dist/tex/latex/ms/everyshi.sty
Package: everyshi 2001/05/15 v3.00 EveryShipout Package (MS)
))
(c:/texlive/2016/texmf-dist/tex/generic/pgf/utilities/pgfrcs.code.tex
Package: pgfrcs 2015/08/07 v3.0.1a (rcs-revision 1.31)
))
Package: pgf 2015/08/07 v3.0.1a (rcs-revision 1.15)

(c:/texlive/2016/texmf-dist/tex/latex/pgf/basiclayer/pgfcore.sty
(c:/texlive/2016/texmf-dist/tex/latex/pgf/systemlayer/pgfsys.sty
(c:/texlive/2016/texmf-dist/tex/generic/pgf/systemlayer/pgfsys.code.tex
Package: pgfsys 2014/07/09 v3.0.1a (rcs-revision 1.48)

(c:/texlive/2016/texmf-dist/tex/generic/pgf/utilities/pgfkeys.code.tex
\pgfkeys@pathtoks=\toks16
\pgfkeys@temptoks=\toks17

(c:/texlive/2016/texmf-dist/tex/generic/pgf/utilities/pgfkeysfiltered.code.tex
\pgfkeys@tmptoks=\toks18
))
\pgf@x=\dimen107
\pgf@y=\dimen108
\pgf@xa=\dimen109
\pgf@ya=\dimen110
\pgf@xb=\dimen111
\pgf@yb=\dimen112
\pgf@xc=\dimen113
\pgf@yc=\dimen114
\w@pgf@writea=\write3
\r@pgf@reada=\read1
\c@pgf@counta=\count88
\c@pgf@countb=\count89
\c@pgf@countc=\count90
\c@pgf@countd=\count91
\t@pgf@toka=\toks19
\t@pgf@tokb=\toks20
\t@pgf@tokc=\toks21
 (c:/texlive/2016/texmf-dist/tex/generic/pgf/systemlayer/pgf.cfg
File: pgf.cfg 2008/05/14  (rcs-revision 1.7)
)
Driver file for pgf: pgfsys-pdftex.def

(c:/texlive/2016/texmf-dist/tex/generic/pgf/systemlayer/pgfsys-pdftex.def
File: pgfsys-pdftex.def 2014/10/11  (rcs-revision 1.35)

(c:/texlive/2016/texmf-dist/tex/generic/pgf/systemlayer/pgfsys-common-pdf.def
File: pgfsys-common-pdf.def 2013/10/10  (rcs-revision 1.13)
)))
(c:/texlive/2016/texmf-dist/tex/generic/pgf/systemlayer/pgfsyssoftpath.code.tex
File: pgfsyssoftpath.code.tex 2013/09/09  (rcs-revision 1.9)
\pgfsyssoftpath@smallbuffer@items=\count92
\pgfsyssoftpath@bigbuffer@items=\count93
)
(c:/texlive/2016/texmf-dist/tex/generic/pgf/systemlayer/pgfsysprotocol.code.tex
File: pgfsysprotocol.code.tex 2006/10/16  (rcs-revision 1.4)
)) (c:/texlive/2016/texmf-dist/tex/latex/xcolor/xcolor.sty
Package: xcolor 2016/05/11 v2.12 LaTeX color extensions (UK)

(c:/texlive/2016/texmf-dist/tex/latex/graphics-cfg/color.cfg
File: color.cfg 2016/01/02 v1.6 sample color configuration
)
Package xcolor Info: Driver file: pdftex.def on input line 225.
Package xcolor Info: Model `cmy' substituted by `cmy0' on input line 1348.
Package xcolor Info: Model `hsb' substituted by `rgb' on input line 1352.
Package xcolor Info: Model `RGB' extended on input line 1364.
Package xcolor Info: Model `HTML' substituted by `rgb' on input line 1366.
Package xcolor Info: Model `Hsb' substituted by `hsb' on input line 1367.
Package xcolor Info: Model `tHsb' substituted by `hsb' on input line 1368.
Package xcolor Info: Model `HSB' substituted by `hsb' on input line 1369.
Package xcolor Info: Model `Gray' substituted by `gray' on input line 1370.
Package xcolor Info: Model `wave' substituted by `hsb' on input line 1371.
)
(c:/texlive/2016/texmf-dist/tex/generic/pgf/basiclayer/pgfcore.code.tex
Package: pgfcore 2010/04/11 v3.0.1a (rcs-revision 1.7)

(c:/texlive/2016/texmf-dist/tex/generic/pgf/math/pgfmath.code.tex
(c:/texlive/2016/texmf-dist/tex/generic/pgf/math/pgfmathcalc.code.tex
(c:/texlive/2016/texmf-dist/tex/generic/pgf/math/pgfmathutil.code.tex)
(c:/texlive/2016/texmf-dist/tex/generic/pgf/math/pgfmathparser.code.tex
\pgfmath@dimen=\dimen115
\pgfmath@count=\count94
\pgfmath@box=\box27
\pgfmath@toks=\toks22
\pgfmath@stack@operand=\toks23
\pgfmath@stack@operation=\toks24
)
(c:/texlive/2016/texmf-dist/tex/generic/pgf/math/pgfmathfunctions.code.tex
(c:/texlive/2016/texmf-dist/tex/generic/pgf/math/pgfmathfunctions.basic.code.te
x)
(c:/texlive/2016/texmf-dist/tex/generic/pgf/math/pgfmathfunctions.trigonometric
.code.tex)
(c:/texlive/2016/texmf-dist/tex/generic/pgf/math/pgfmathfunctions.random.code.t
ex)
(c:/texlive/2016/texmf-dist/tex/generic/pgf/math/pgfmathfunctions.comparison.co
de.tex)
(c:/texlive/2016/texmf-dist/tex/generic/pgf/math/pgfmathfunctions.base.code.tex
)
(c:/texlive/2016/texmf-dist/tex/generic/pgf/math/pgfmathfunctions.round.code.te
x)
(c:/texlive/2016/texmf-dist/tex/generic/pgf/math/pgfmathfunctions.misc.code.tex
)
(c:/texlive/2016/texmf-dist/tex/generic/pgf/math/pgfmathfunctions.integerarithm
etics.code.tex)))
(c:/texlive/2016/texmf-dist/tex/generic/pgf/math/pgfmathfloat.code.tex
\c@pgfmathroundto@lastzeros=\count95
))
(c:/texlive/2016/texmf-dist/tex/generic/pgf/basiclayer/pgfcorepoints.code.tex
File: pgfcorepoints.code.tex 2013/10/07  (rcs-revision 1.27)
\pgf@picminx=\dimen116
\pgf@picmaxx=\dimen117
\pgf@picminy=\dimen118
\pgf@picmaxy=\dimen119
\pgf@pathminx=\dimen120
\pgf@pathmaxx=\dimen121
\pgf@pathminy=\dimen122
\pgf@pathmaxy=\dimen123
\pgf@xx=\dimen124
\pgf@xy=\dimen125
\pgf@yx=\dimen126
\pgf@yy=\dimen127
\pgf@zx=\dimen128
\pgf@zy=\dimen129
)
(c:/texlive/2016/texmf-dist/tex/generic/pgf/basiclayer/pgfcorepathconstruct.cod
e.tex
File: pgfcorepathconstruct.code.tex 2013/10/07  (rcs-revision 1.29)
\pgf@path@lastx=\dimen130
\pgf@path@lasty=\dimen131
)
(c:/texlive/2016/texmf-dist/tex/generic/pgf/basiclayer/pgfcorepathusage.code.te
x
File: pgfcorepathusage.code.tex 2014/11/02  (rcs-revision 1.24)
\pgf@shorten@end@additional=\dimen132
\pgf@shorten@start@additional=\dimen133
)
(c:/texlive/2016/texmf-dist/tex/generic/pgf/basiclayer/pgfcorescopes.code.tex
File: pgfcorescopes.code.tex 2015/05/08  (rcs-revision 1.46)
\pgfpic=\box28
\pgf@hbox=\box29
\pgf@layerbox@main=\box30
\pgf@picture@serial@count=\count96
)
(c:/texlive/2016/texmf-dist/tex/generic/pgf/basiclayer/pgfcoregraphicstate.code
.tex
File: pgfcoregraphicstate.code.tex 2014/11/02  (rcs-revision 1.12)
\pgflinewidth=\dimen134
)
(c:/texlive/2016/texmf-dist/tex/generic/pgf/basiclayer/pgfcoretransformations.c
ode.tex
File: pgfcoretransformations.code.tex 2015/08/07  (rcs-revision 1.20)
\pgf@pt@x=\dimen135
\pgf@pt@y=\dimen136
\pgf@pt@temp=\dimen137
)
(c:/texlive/2016/texmf-dist/tex/generic/pgf/basiclayer/pgfcorequick.code.tex
File: pgfcorequick.code.tex 2008/10/09  (rcs-revision 1.3)
)
(c:/texlive/2016/texmf-dist/tex/generic/pgf/basiclayer/pgfcoreobjects.code.tex
File: pgfcoreobjects.code.tex 2006/10/11  (rcs-revision 1.2)
)
(c:/texlive/2016/texmf-dist/tex/generic/pgf/basiclayer/pgfcorepathprocessing.co
de.tex
File: pgfcorepathprocessing.code.tex 2013/09/09  (rcs-revision 1.9)
)
(c:/texlive/2016/texmf-dist/tex/generic/pgf/basiclayer/pgfcorearrows.code.tex
File: pgfcorearrows.code.tex 2015/05/14  (rcs-revision 1.43)
\pgfarrowsep=\dimen138
)
(c:/texlive/2016/texmf-dist/tex/generic/pgf/basiclayer/pgfcoreshade.code.tex
File: pgfcoreshade.code.tex 2013/07/15  (rcs-revision 1.15)
\pgf@max=\dimen139
\pgf@sys@shading@range@num=\count97
)
(c:/texlive/2016/texmf-dist/tex/generic/pgf/basiclayer/pgfcoreimage.code.tex
File: pgfcoreimage.code.tex 2013/07/15  (rcs-revision 1.18)

(c:/texlive/2016/texmf-dist/tex/generic/pgf/basiclayer/pgfcoreexternal.code.tex
File: pgfcoreexternal.code.tex 2014/07/09  (rcs-revision 1.21)
\pgfexternal@startupbox=\box31
))
(c:/texlive/2016/texmf-dist/tex/generic/pgf/basiclayer/pgfcorelayers.code.tex
File: pgfcorelayers.code.tex 2013/07/18  (rcs-revision 1.7)
)
(c:/texlive/2016/texmf-dist/tex/generic/pgf/basiclayer/pgfcoretransparency.code
.tex
File: pgfcoretransparency.code.tex 2013/09/30  (rcs-revision 1.5)
)
(c:/texlive/2016/texmf-dist/tex/generic/pgf/basiclayer/pgfcorepatterns.code.tex
File: pgfcorepatterns.code.tex 2013/11/07  (rcs-revision 1.5)
)))
(c:/texlive/2016/texmf-dist/tex/generic/pgf/modules/pgfmoduleshapes.code.tex
File: pgfmoduleshapes.code.tex 2014/03/21  (rcs-revision 1.35)
\pgfnodeparttextbox=\box32
)
(c:/texlive/2016/texmf-dist/tex/generic/pgf/modules/pgfmoduleplot.code.tex
File: pgfmoduleplot.code.tex 2015/08/03  (rcs-revision 1.13)
)
(c:/texlive/2016/texmf-dist/tex/latex/pgf/compatibility/pgfcomp-version-0-65.st
y
Package: pgfcomp-version-0-65 2007/07/03 v3.0.1a (rcs-revision 1.7)
\pgf@nodesepstart=\dimen140
\pgf@nodesepend=\dimen141
)
(c:/texlive/2016/texmf-dist/tex/latex/pgf/compatibility/pgfcomp-version-1-18.st
y
Package: pgfcomp-version-1-18 2007/07/23 v3.0.1a (rcs-revision 1.1)
)) (c:/texlive/2016/texmf-dist/tex/latex/pgf/utilities/pgffor.sty
(c:/texlive/2016/texmf-dist/tex/latex/pgf/utilities/pgfkeys.sty
(c:/texlive/2016/texmf-dist/tex/generic/pgf/utilities/pgfkeys.code.tex))
(c:/texlive/2016/texmf-dist/tex/latex/pgf/math/pgfmath.sty
(c:/texlive/2016/texmf-dist/tex/generic/pgf/math/pgfmath.code.tex))
(c:/texlive/2016/texmf-dist/tex/generic/pgf/utilities/pgffor.code.tex
Package: pgffor 2013/12/13 v3.0.1a (rcs-revision 1.25)

(c:/texlive/2016/texmf-dist/tex/generic/pgf/math/pgfmath.code.tex)
\pgffor@iter=\dimen142
\pgffor@skip=\dimen143
\pgffor@stack=\toks25
\pgffor@toks=\toks26
))
(c:/texlive/2016/texmf-dist/tex/generic/pgf/frontendlayer/tikz/tikz.code.tex
Package: tikz 2015/08/07 v3.0.1a (rcs-revision 1.151)

(c:/texlive/2016/texmf-dist/tex/generic/pgf/libraries/pgflibraryplothandlers.co
de.tex
File: pgflibraryplothandlers.code.tex 2013/08/31 v3.0.1a (rcs-revision 1.20)
\pgf@plot@mark@count=\count98
\pgfplotmarksize=\dimen144
)
\tikz@lastx=\dimen145
\tikz@lasty=\dimen146
\tikz@lastxsaved=\dimen147
\tikz@lastysaved=\dimen148
\tikzleveldistance=\dimen149
\tikzsiblingdistance=\dimen150
\tikz@figbox=\box33
\tikz@figbox@bg=\box34
\tikz@tempbox=\box35
\tikz@tempbox@bg=\box36
\tikztreelevel=\count99
\tikznumberofchildren=\count100
\tikznumberofcurrentchild=\count101
\tikz@fig@count=\count102

(c:/texlive/2016/texmf-dist/tex/generic/pgf/modules/pgfmodulematrix.code.tex
File: pgfmodulematrix.code.tex 2013/09/17  (rcs-revision 1.8)
\pgfmatrixcurrentrow=\count103
\pgfmatrixcurrentcolumn=\count104
\pgf@matrix@numberofcolumns=\count105
)
\tikz@expandcount=\count106

(c:/texlive/2016/texmf-dist/tex/generic/pgf/frontendlayer/tikz/libraries/tikzli
brarytopaths.code.tex
File: tikzlibrarytopaths.code.tex 2008/06/17 v3.0.1a (rcs-revision 1.2)
)))
(c:/texlive/2016/texmf-dist/tex/generic/pgfplots/pgfplots.code.tex
(c:/texlive/2016/texmf-dist/tex/generic/pgfplots/pgfplotscore.code.tex
\t@pgfplots@toka=\toks27
\t@pgfplots@tokb=\toks28
\t@pgfplots@tokc=\toks29
\pgfplots@tmpa=\dimen151
\c@pgfplots@coordindex=\count107
\c@pgfplots@scanlineindex=\count108

(c:/texlive/2016/texmf-dist/tex/generic/pgfplots/sys/pgfplotssysgeneric.code.te
x))
(c:/texlive/2016/texmf-dist/tex/generic/pgfplots/libs/pgfplotslibrary.code.tex)

(c:/texlive/2016/texmf-dist/tex/generic/pgfplots/oldpgfcompatib/pgfplotsoldpgfs
upp_loader.code.tex
(c:/texlive/2016/texmf-dist/tex/generic/pgf/libraries/pgflibraryfpu.code.tex)
Package pgfplots: loading complementary arithmetics for your pgf version...

(c:/texlive/2016/texmf-dist/tex/generic/pgfplots/oldpgfcompatib/pgfplotsoldpgfs
upp_pgflibraryfpu.code.tex)
(c:/texlive/2016/texmf-dist/tex/generic/pgfplots/oldpgfcompatib/pgfplotsoldpgfs
upp_pgfmathfloat.code.tex
\c@pgfmathroundto@lastzeros=\count109
))
(c:/texlive/2016/texmf-dist/tex/generic/pgfplots/util/pgfplotsutil.code.tex
(c:/texlive/2016/texmf-dist/tex/generic/pgfplots/liststructure/pgfplotsliststru
cture.code.tex)
(c:/texlive/2016/texmf-dist/tex/generic/pgfplots/liststructure/pgfplotsliststru
ctureext.code.tex)
(c:/texlive/2016/texmf-dist/tex/generic/pgfplots/liststructure/pgfplotsarray.co
de.tex
\c@pgfplotsarray@tmp=\count110
)
(c:/texlive/2016/texmf-dist/tex/generic/pgfplots/liststructure/pgfplotsmatrix.c
ode.tex)
(c:/texlive/2016/texmf-dist/tex/generic/pgfplots/numtable/pgfplotstableshared.c
ode.tex
\c@pgfplotstable@counta=\count111
\t@pgfplotstable@a=\toks30
)
(c:/texlive/2016/texmf-dist/tex/generic/pgfplots/liststructure/pgfplotsdeque.co
de.tex)
(c:/texlive/2016/texmf-dist/tex/generic/pgfplots/util/pgfplotsbinary.code.tex
(c:/texlive/2016/texmf-dist/tex/generic/pgfplots/util/pgfplotsbinary.data.code.
tex))
(c:/texlive/2016/texmf-dist/tex/generic/pgfplots/util/pgfplotsutil.verb.code.te
x)
(c:/texlive/2016/texmf-dist/tex/generic/pgfplots/libs/pgflibrarypgfplots.surfsh
ading.code.tex
\c@pgfplotslibrarysurf@no=\count112

(c:/texlive/2016/texmf-dist/tex/generic/pgfplots/sys/pgflibrarypgfplots.surfsha
ding.pgfsys-pdftex.def)))
(c:/texlive/2016/texmf-dist/tex/generic/pgfplots/util/pgfplotscolormap.code.tex
(c:/texlive/2016/texmf-dist/tex/generic/pgfplots/util/pgfplotscolor.code.tex))
(c:/texlive/2016/texmf-dist/tex/generic/pgfplots/pgfplotsstackedplots.code.tex)
(c:/texlive/2016/texmf-dist/tex/generic/pgfplots/pgfplotsplothandlers.code.tex
(c:/texlive/2016/texmf-dist/tex/generic/pgfplots/pgfplotsmeshplothandler.code.t
ex
(c:/texlive/2016/texmf-dist/tex/generic/pgfplots/pgfplotsmeshplotimage.code.tex
))) (c:/texlive/2016/texmf-dist/tex/generic/pgfplots/pgfplots.scaling.code.tex)

(c:/texlive/2016/texmf-dist/tex/generic/pgfplots/pgfplotscoordprocessing.code.t
ex)
(c:/texlive/2016/texmf-dist/tex/generic/pgfplots/pgfplots.errorbars.code.tex)
(c:/texlive/2016/texmf-dist/tex/generic/pgfplots/pgfplots.markers.code.tex)
(c:/texlive/2016/texmf-dist/tex/generic/pgfplots/pgfplotsticks.code.tex)
(c:/texlive/2016/texmf-dist/tex/generic/pgfplots/pgfplots.paths.code.tex)
(c:/texlive/2016/texmf-dist/tex/generic/pgf/frontendlayer/tikz/libraries/tikzli
brarydecorations.code.tex
(c:/texlive/2016/texmf-dist/tex/generic/pgf/modules/pgfmoduledecorations.code.t
ex
\pgfdecoratedcompleteddistance=\dimen152
\pgfdecoratedremainingdistance=\dimen153
\pgfdecoratedinputsegmentcompleteddistance=\dimen154
\pgfdecoratedinputsegmentremainingdistance=\dimen155
\pgf@decorate@distancetomove=\dimen156
\pgf@decorate@repeatstate=\count113
\pgfdecorationsegmentamplitude=\dimen157
\pgfdecorationsegmentlength=\dimen158
)
\tikz@lib@dec@box=\box37
)
(c:/texlive/2016/texmf-dist/tex/generic/pgf/frontendlayer/tikz/libraries/tikzli
brarydecorations.pathmorphing.code.tex
(c:/texlive/2016/texmf-dist/tex/generic/pgf/libraries/decorations/pgflibrarydec
orations.pathmorphing.code.tex))
(c:/texlive/2016/texmf-dist/tex/generic/pgf/frontendlayer/tikz/libraries/tikzli
brarydecorations.pathreplacing.code.tex
(c:/texlive/2016/texmf-dist/tex/generic/pgf/libraries/decorations/pgflibrarydec
orations.pathreplacing.code.tex))
\pgfplots@numplots=\count114
\pgfplots@xmin@reg=\dimen159
\pgfplots@xmax@reg=\dimen160
\pgfplots@ymin@reg=\dimen161
\pgfplots@ymax@reg=\dimen162
\pgfplots@zmin@reg=\dimen163
\pgfplots@zmax@reg=\dimen164
)
(c:/texlive/2016/texmf-dist/tex/generic/pgf/frontendlayer/tikz/libraries/tikzli
braryplotmarks.code.tex
File: tikzlibraryplotmarks.code.tex 2008/01/09 v3.0.1a (rcs-revision 1.1)

(c:/texlive/2016/texmf-dist/tex/generic/pgf/libraries/pgflibraryplotmarks.code.
tex
File: pgflibraryplotmarks.code.tex 2015/08/03 v3.0.1a (rcs-revision 1.14)
))) (c:/texlive/2016/texmf-dist/tex/latex/filecontents/filecontents.sty
Package: filecontents 2011/10/08 v1.3 Create an external file from within a LaT
eX document
)
(c:/Users/chasparis/Documents/Research_Lobby/texmf/tex/latex/local/tabularx/ver
batim.sty
Package: verbatim 2003/08/22 v1.5q LaTeX2e package for verbatim enhancements
\every@verbatim=\toks31
\verbatim@line=\toks32
\verbatim@in@stream=\read2
) (c:/texlive/2016/texmf-dist/tex/latex/preview/preview.sty
Package: preview 2010/02/14 11.89 (AUCTeX/preview-latex)

(c:/texlive/2016/texmf-dist/tex/latex/preview/prtightpage.def
\PreviewBorder=\dimen165
)
\pr@snippet=\count115
\pr@box=\box38
\pr@output=\toks33
)

LaTeX Warning: Overwriting file `./SpeedComparisonC1.csv'.

\openout15 = `SpeedComparisonC1.csv'.


No file SpeedComparisonC1.aux.
\openout1 = `SpeedComparisonC1.aux'.

LaTeX Font Info:    Checking defaults for OML/cmm/m/it on input line 2461.
LaTeX Font Info:    ... okay on input line 2461.
LaTeX Font Info:    Checking defaults for T1/cmr/m/n on input line 2461.
LaTeX Font Info:    ... okay on input line 2461.
LaTeX Font Info:    Checking defaults for OT1/cmr/m/n on input line 2461.
LaTeX Font Info:    ... okay on input line 2461.
LaTeX Font Info:    Checking defaults for OMS/cmsy/m/n on input line 2461.
LaTeX Font Info:    ... okay on input line 2461.
LaTeX Font Info:    Checking defaults for OMX/cmex/m/n on input line 2461.
LaTeX Font Info:    ... okay on input line 2461.
LaTeX Font Info:    Checking defaults for U/cmr/m/n on input line 2461.
LaTeX Font Info:    ... okay on input line 2461.
(c:/texlive/2016/texmf-dist/tex/context/base/mkii/supp-pdf.mkii
[Loading MPS to PDF converter (version 2006.09.02).]
\scratchcounter=\count116
\scratchdimen=\dimen166
\scratchbox=\box39
\nofMPsegments=\count117
\nofMParguments=\count118
\everyMPshowfont=\toks34
\MPscratchCnt=\count119
\MPscratchDim=\dimen167
\MPnumerator=\count120
\makeMPintoPDFobject=\count121
\everyMPtoPDFconversion=\toks35
) (c:/texlive/2016/texmf-dist/tex/generic/oberdiek/pdftexcmds.sty
Package: pdftexcmds 2016/05/21 v0.22 Utility functions of pdfTeX for LuaTeX (HO
)

(c:/texlive/2016/texmf-dist/tex/generic/oberdiek/ifluatex.sty
Package: ifluatex 2016/05/16 v1.4 Provides the ifluatex switch (HO)
Package ifluatex Info: LuaTeX not detected.
)
(c:/texlive/2016/texmf-dist/tex/generic/oberdiek/ifpdf.sty
Package: ifpdf 2016/05/14 v3.1 Provides the ifpdf switch
)
Package pdftexcmds Info: LuaTeX not detected.
Package pdftexcmds Info: \pdf@primitive is available.
Package pdftexcmds Info: \pdf@ifprimitive is available.
Package pdftexcmds Info: \pdfdraftmode found.
)
(c:/texlive/2016/texmf-dist/tex/latex/oberdiek/epstopdf-base.sty
Package: epstopdf-base 2016/05/15 v2.6 Base part for package epstopdf

(c:/texlive/2016/texmf-dist/tex/latex/oberdiek/grfext.sty
Package: grfext 2016/05/16 v1.2 Manage graphics extensions (HO)

(c:/texlive/2016/texmf-dist/tex/generic/oberdiek/kvdefinekeys.sty
Package: kvdefinekeys 2016/05/16 v1.4 Define keys (HO)
))
(c:/texlive/2016/texmf-dist/tex/latex/oberdiek/kvoptions.sty
Package: kvoptions 2016/05/16 v3.12 Key value format for package options (HO)

(c:/texlive/2016/texmf-dist/tex/generic/oberdiek/kvsetkeys.sty
Package: kvsetkeys 2016/05/16 v1.17 Key value parser (HO)

(c:/texlive/2016/texmf-dist/tex/generic/oberdiek/etexcmds.sty
Package: etexcmds 2016/05/16 v1.6 Avoid name clashes with e-TeX commands (HO)
Package etexcmds Info: Could not find \expanded.
(etexcmds)             That can mean that you are not using pdfTeX 1.50 or
(etexcmds)             that some package has redefined \expanded.
(etexcmds)             In the latter case, load this package earlier.
)))
Package epstopdf-base Info: Redefining graphics rule for `.eps' on input line 4
38.
Package grfext Info: Graphics extension search list:
(grfext)             [.png,.pdf,.jpg,.mps,.jpeg,.jbig2,.jb2,.PNG,.PDF,.JPG,.JPE
G,.JBIG2,.JB2,.eps]
(grfext)             \AppendGraphicsExtensions on input line 456.

(c:/texlive/2016/texmf-dist/tex/latex/latexconfig/epstopdf-sys.cfg
File: epstopdf-sys.cfg 2010/07/13 v1.3 Configuration of (r)epstopdf for TeX Liv
e
))
ABD: EveryShipout initializing macros

Package pgfplots Warning: running in backwards compatibility mode (unsuitable t
ick labels; missing features). Consider writing \pgfplotsset{compat=1.14} into 
your preamble.
 on input line 2461.

Preview: Fontsize 10pt
Preview: PDFoutput 1
PGFPlots: reading {SpeedComparisonC1.csv}
NOTE: coordinate (453.527,) has been dropped because of a coordinate filter. (s
ee also unbounded coords=jump). 
NOTE: coordinate (453.728,) has been dropped because of a coordinate filter. (s
ee also unbounded coords=jump). 
NOTE: coordinate (453.929,) has been dropped because of a coordinate filter. (s
ee also unbounded coords=jump). 
NOTE: coordinate (454.129,) has been dropped because of a coordinate filter. (s
ee also unbounded coords=jump). 
NOTE: coordinate (454.33,) has been dropped because of a coordinate filter. (se
e also unbounded coords=jump). 
NOTE: coordinate (454.531,) has been dropped because of a coordinate filter. (s
ee also unbounded coords=jump). 
NOTE: coordinate (454.731,) has been dropped because of a coordinate filter. (s
ee also unbounded coords=jump). 
NOTE: coordinate (454.932,) has been dropped because of a coordinate filter. (s
ee also unbounded coords=jump). 
NOTE: coordinate (455.133,) has been dropped because of a coordinate filter. (s
ee also unbounded coords=jump). 
NOTE: coordinate (455.333,) has been dropped because of a coordinate filter. (s
ee also unbounded coords=jump). 
NOTE: coordinate (455.534,) has been dropped because of a coordinate filter. (s
ee also unbounded coords=jump). 
NOTE: coordinate (455.735,) has been dropped because of a coordinate filter. (s
ee also unbounded coords=jump). 
NOTE: coordinate (455.935,) has been dropped because of a coordinate filter. (s
ee also unbounded coords=jump). 
NOTE: coordinate (456.136,) has been dropped because of a coordinate filter. (s
ee also unbounded coords=jump). 
NOTE: coordinate (456.337,) has been dropped because of a coordinate filter. (s
ee also unbounded coords=jump). 
NOTE: coordinate (456.537,) has been dropped because of a coordinate filter. (s
ee also unbounded coords=jump). 
NOTE: coordinate (456.738,) has been dropped because of a coordinate filter. (s
ee also unbounded coords=jump). 
NOTE: coordinate (456.939,) has been dropped because of a coordinate filter. (s
ee also unbounded coords=jump). 
NOTE: coordinate (457.139,) has been dropped because of a coordinate filter. (s
ee also unbounded coords=jump). 
NOTE: coordinate (457.34,) has been dropped because of a coordinate filter. (se
e also unbounded coords=jump). 
NOTE: coordinate (457.541,) has been dropped because of a coordinate filter. (s
ee also unbounded coords=jump). 
NOTE: coordinate (457.742,) has been dropped because of a coordinate filter. (s
ee also unbounded coords=jump). 
NOTE: coordinate (457.942,) has been dropped because of a coordinate filter. (s
ee also unbounded coords=jump). 
NOTE: coordinate (458.143,) has been dropped because of a coordinate filter. (s
ee also unbounded coords=jump). 
NOTE: coordinate (458.344,) has been dropped because of a coordinate filter. (s
ee also unbounded coords=jump). 
NOTE: coordinate (458.544,) has been dropped because of a coordinate filter. (s
ee also unbounded coords=jump). 
NOTE: coordinate (458.745,) has been dropped because of a coordinate filter. (s
ee also unbounded coords=jump). 
NOTE: coordinate (458.946,) has been dropped because of a coordinate filter. (s
ee also unbounded coords=jump). 
NOTE: coordinate (459.146,) has been dropped because of a coordinate filter. (s
ee also unbounded coords=jump). 
NOTE: coordinate (459.347,) has been dropped because of a coordinate filter. (s
ee also unbounded coords=jump). 
NOTE: coordinate (459.548,) has been dropped because of a coordinate filter. (s
ee also unbounded coords=jump). 
NOTE: coordinate (459.748,) has been dropped because of a coordinate filter. (s
ee also unbounded coords=jump). 
NOTE: coordinate (459.949,) has been dropped because of a coordinate filter. (s
ee also unbounded coords=jump). 
NOTE: coordinate (460.15,) has been dropped because of a coordinate filter. (se
e also unbounded coords=jump). 
NOTE: coordinate (460.351,) has been dropped because of a coordinate filter. (s
ee also unbounded coords=jump). 
NOTE: coordinate (460.551,) has been dropped because of a coordinate filter. (s
ee also unbounded coords=jump). 
NOTE: coordinate (460.752,) has been dropped because of a coordinate filter. (s
ee also unbounded coords=jump). 
NOTE: coordinate (460.953,) has been dropped because of a coordinate filter. (s
ee also unbounded coords=jump). 
NOTE: coordinate (461.153,) has been dropped because of a coordinate filter. (s
ee also unbounded coords=jump). 
NOTE: coordinate (461.354,) has been dropped because of a coordinate filter. (s
ee also unbounded coords=jump). 
NOTE: coordinate (461.555,) has been dropped because of a coordinate filter. (s
ee also unbounded coords=jump). 
NOTE: coordinate (461.755,) has been dropped because of a coordinate filter. (s
ee also unbounded coords=jump). 
NOTE: coordinate (461.956,) has been dropped because of a coordinate filter. (s
ee also unbounded coords=jump). 
NOTE: coordinate (462.157,) has been dropped because of a coordinate filter. (s
ee also unbounded coords=jump). 
NOTE: coordinate (462.357,) has been dropped because of a coordinate filter. (s
ee also unbounded coords=jump). 
NOTE: coordinate (462.558,) has been dropped because of a coordinate filter. (s
ee also unbounded coords=jump). 
NOTE: coordinate (462.759,) has been dropped because of a coordinate filter. (s
ee also unbounded coords=jump). 
NOTE: coordinate (462.959,) has been dropped because of a coordinate filter. (s
ee also unbounded coords=jump). 
NOTE: coordinate (463.16,) has been dropped because of a coordinate filter. (se
e also unbounded coords=jump). 
NOTE: coordinate (463.361,) has been dropped because of a coordinate filter. (s
ee also unbounded coords=jump). 
NOTE: coordinate (463.562,) has been dropped because of a coordinate filter. (s
ee also unbounded coords=jump). 
NOTE: coordinate (463.762,) has been dropped because of a coordinate filter. (s
ee also unbounded coords=jump). 
NOTE: coordinate (463.963,) has been dropped because of a coordinate filter. (s
ee also unbounded coords=jump). 
NOTE: coordinate (464.164,) has been dropped because of a coordinate filter. (s
ee also unbounded coords=jump). 
NOTE: coordinate (464.364,) has been dropped because of a coordinate filter. (s
ee also unbounded coords=jump). 
NOTE: coordinate (464.565,) has been dropped because of a coordinate filter. (s
ee also unbounded coords=jump). 
NOTE: coordinate (464.765,) has been dropped because of a coordinate filter. (s
ee also unbounded coords=jump). 
NOTE: coordinate (464.966,) has been dropped because of a coordinate filter. (s
ee also unbounded coords=jump). 
NOTE: coordinate (465.167,) has been dropped because of a coordinate filter. (s
ee also unbounded coords=jump). 
NOTE: coordinate (465.367,) has been dropped because of a coordinate filter. (s
ee also unbounded coords=jump). 
NOTE: coordinate (465.568,) has been dropped because of a coordinate filter. (s
ee also unbounded coords=jump). 
NOTE: coordinate (465.769,) has been dropped because of a coordinate filter. (s
ee also unbounded coords=jump). 
NOTE: coordinate (465.969,) has been dropped because of a coordinate filter. (s
ee also unbounded coords=jump). 
NOTE: coordinate (466.17,) has been dropped because of a coordinate filter. (se
e also unbounded coords=jump). 
NOTE: coordinate (466.371,) has been dropped because of a coordinate filter. (s
ee also unbounded coords=jump). 
NOTE: coordinate (466.571,) has been dropped because of a coordinate filter. (s
ee also unbounded coords=jump). 
NOTE: coordinate (466.772,) has been dropped because of a coordinate filter. (s
ee also unbounded coords=jump). 
NOTE: coordinate (466.973,) has been dropped because of a coordinate filter. (s
ee also unbounded coords=jump). 
NOTE: coordinate (467.173,) has been dropped because of a coordinate filter. (s
ee also unbounded coords=jump). 
NOTE: coordinate (467.374,) has been dropped because of a coordinate filter. (s
ee also unbounded coords=jump). 
NOTE: coordinate (467.574,) has been dropped because of a coordinate filter. (s
ee also unbounded coords=jump). 
NOTE: coordinate (467.775,) has been dropped because of a coordinate filter. (s
ee also unbounded coords=jump). 
NOTE: coordinate (467.976,) has been dropped because of a coordinate filter. (s
ee also unbounded coords=jump). 
NOTE: coordinate (468.176,) has been dropped because of a coordinate filter. (s
ee also unbounded coords=jump). 
NOTE: coordinate (468.377,) has been dropped because of a coordinate filter. (s
ee also unbounded coords=jump). 
NOTE: coordinate (468.578,) has been dropped because of a coordinate filter. (s
ee also unbounded coords=jump). 
NOTE: coordinate (468.778,) has been dropped because of a coordinate filter. (s
ee also unbounded coords=jump). 
NOTE: coordinate (468.979,) has been dropped because of a coordinate filter. (s
ee also unbounded coords=jump). 
NOTE: coordinate (469.18,) has been dropped because of a coordinate filter. (se
e also unbounded coords=jump). 
NOTE: coordinate (469.38,) has been dropped because of a coordinate filter. (se
e also unbounded coords=jump). 
NOTE: coordinate (469.581,) has been dropped because of a coordinate filter. (s
ee also unbounded coords=jump). 
NOTE: coordinate (469.782,) has been dropped because of a coordinate filter. (s
ee also unbounded coords=jump). 
NOTE: coordinate (469.982,) has been dropped because of a coordinate filter. (s
ee also unbounded coords=jump). 
NOTE: coordinate (470.183,) has been dropped because of a coordinate filter. (s
ee also unbounded coords=jump). 
NOTE: coordinate (470.383,) has been dropped because of a coordinate filter. (s
ee also unbounded coords=jump). 
NOTE: coordinate (470.584,) has been dropped because of a coordinate filter. (s
ee also unbounded coords=jump). 
NOTE: coordinate (470.785,) has been dropped because of a coordinate filter. (s
ee also unbounded coords=jump). 
NOTE: coordinate (470.985,) has been dropped because of a coordinate filter. (s
ee also unbounded coords=jump). 
NOTE: coordinate (471.186,) has been dropped because of a coordinate filter. (s
ee also unbounded coords=jump). 
NOTE: coordinate (471.387,) has been dropped because of a coordinate filter. (s
ee also unbounded coords=jump). 
NOTE: coordinate (471.587,) has been dropped because of a coordinate filter. (s
ee also unbounded coords=jump). 
NOTE: coordinate (471.788,) has been dropped because of a coordinate filter. (s
ee also unbounded coords=jump). 
NOTE: coordinate (471.989,) has been dropped because of a coordinate filter. (s
ee also unbounded coords=jump). 
NOTE: coordinate (472.189,) has been dropped because of a coordinate filter. (s
ee also unbounded coords=jump). 
NOTE: coordinate (472.39,) has been dropped because of a coordinate filter. (se
e also unbounded coords=jump). 
NOTE: coordinate (472.591,) has been dropped because of a coordinate filter. (s
ee also unbounded coords=jump). 
NOTE: coordinate (472.791,) has been dropped because of a coordinate filter. (s
ee also unbounded coords=jump). 
NOTE: coordinate (472.992,) has been dropped because of a coordinate filter. (s
ee also unbounded coords=jump). 
NOTE: coordinate (473.193,) has been dropped because of a coordinate filter. (s
ee also unbounded coords=jump). 
NOTE: coordinate (473.393,) has been dropped because of a coordinate filter. (s
ee also unbounded coords=jump). 
NOTE: coordinate (473.594,) has been dropped because of a coordinate filter. (s
ee also unbounded coords=jump). 
NOTE: coordinate (473.794,) has been dropped because of a coordinate filter. (s
ee also unbounded coords=jump). 
NOTE: coordinate (473.995,) has been dropped because of a coordinate filter. (s
ee also unbounded coords=jump). 
NOTE: coordinate (474.196,) has been dropped because of a coordinate filter. (s
ee also unbounded coords=jump). 
NOTE: coordinate (474.396,) has been dropped because of a coordinate filter. (s
ee also unbounded coords=jump). 
NOTE: coordinate (474.597,) has been dropped because of a coordinate filter. (s
ee also unbounded coords=jump). 
NOTE: coordinate (474.798,) has been dropped because of a coordinate filter. (s
ee also unbounded coords=jump). 
NOTE: coordinate (474.998,) has been dropped because of a coordinate filter. (s
ee also unbounded coords=jump). 
NOTE: coordinate (475.199,) has been dropped because of a coordinate filter. (s
ee also unbounded coords=jump). 
NOTE: coordinate (475.4,) has been dropped because of a coordinate filter. (see
 also unbounded coords=jump). 
NOTE: coordinate (475.6,) has been dropped because of a coordinate filter. (see
 also unbounded coords=jump). 
NOTE: coordinate (475.813,) has been dropped because of a coordinate filter. (s
ee also unbounded coords=jump). 
NOTE: coordinate (476.014,) has been dropped because of a coordinate filter. (s
ee also unbounded coords=jump). 
NOTE: coordinate (476.214,) has been dropped because of a coordinate filter. (s
ee also unbounded coords=jump). 
NOTE: coordinate (476.414,) has been dropped because of a coordinate filter. (s
ee also unbounded coords=jump). 
NOTE: coordinate (476.615,) has been dropped because of a coordinate filter. (s
ee also unbounded coords=jump). 
NOTE: coordinate (476.815,) has been dropped because of a coordinate filter. (s
ee also unbounded coords=jump). 
NOTE: coordinate (477.015,) has been dropped because of a coordinate filter. (s
ee also unbounded coords=jump). 
NOTE: coordinate (477.216,) has been dropped because of a coordinate filter. (s
ee also unbounded coords=jump). 
NOTE: coordinate (477.416,) has been dropped because of a coordinate filter. (s
ee also unbounded coords=jump). 
NOTE: coordinate (477.616,) has been dropped because of a coordinate filter. (s
ee also unbounded coords=jump). 
NOTE: coordinate (477.817,) has been dropped because of a coordinate filter. (s
ee also unbounded coords=jump). 
NOTE: coordinate (478.017,) has been dropped because of a coordinate filter. (s
ee also unbounded coords=jump). 
NOTE: coordinate (478.218,) has been dropped because of a coordinate filter. (s
ee also unbounded coords=jump). 
NOTE: coordinate (478.418,) has been dropped because of a coordinate filter. (s
ee also unbounded coords=jump). 
NOTE: coordinate (478.618,) has been dropped because of a coordinate filter. (s
ee also unbounded coords=jump). 
NOTE: coordinate (478.819,) has been dropped because of a coordinate filter. (s
ee also unbounded coords=jump). 
NOTE: coordinate (479.019,) has been dropped because of a coordinate filter. (s
ee also unbounded coords=jump). 
NOTE: coordinate (479.219,) has been dropped because of a coordinate filter. (s
ee also unbounded coords=jump). 
NOTE: coordinate (479.42,) has been dropped because of a coordinate filter. (se
e also unbounded coords=jump). 
NOTE: coordinate (479.62,) has been dropped because of a coordinate filter. (se
e also unbounded coords=jump). 
NOTE: coordinate (479.82,) has been dropped because of a coordinate filter. (se
e also unbounded coords=jump). 
NOTE: coordinate (480.021,) has been dropped because of a coordinate filter. (s
ee also unbounded coords=jump). 
NOTE: coordinate (480.221,) has been dropped because of a coordinate filter. (s
ee also unbounded coords=jump). 
NOTE: coordinate (480.421,) has been dropped because of a coordinate filter. (s
ee also unbounded coords=jump). 
NOTE: coordinate (480.622,) has been dropped because of a coordinate filter. (s
ee also unbounded coords=jump). 
NOTE: coordinate (480.822,) has been dropped because of a coordinate filter. (s
ee also unbounded coords=jump). 
NOTE: coordinate (481.023,) has been dropped because of a coordinate filter. (s
ee also unbounded coords=jump). 
NOTE: coordinate (481.223,) has been dropped because of a coordinate filter. (s
ee also unbounded coords=jump). 
NOTE: coordinate (481.423,) has been dropped because of a coordinate filter. (s
ee also unbounded coords=jump). 
NOTE: coordinate (481.624,) has been dropped because of a coordinate filter. (s
ee also unbounded coords=jump). 
NOTE: coordinate (481.824,) has been dropped because of a coordinate filter. (s
ee also unbounded coords=jump). 
NOTE: coordinate (482.024,) has been dropped because of a coordinate filter. (s
ee also unbounded coords=jump). 
NOTE: coordinate (482.225,) has been dropped because of a coordinate filter. (s
ee also unbounded coords=jump). 
NOTE: coordinate (482.425,) has been dropped because of a coordinate filter. (s
ee also unbounded coords=jump). 
NOTE: coordinate (482.625,) has been dropped because of a coordinate filter. (s
ee also unbounded coords=jump). 
NOTE: coordinate (482.826,) has been dropped because of a coordinate filter. (s
ee also unbounded coords=jump). 
NOTE: coordinate (483.026,) has been dropped because of a coordinate filter. (s
ee also unbounded coords=jump). 
NOTE: coordinate (483.226,) has been dropped because of a coordinate filter. (s
ee also unbounded coords=jump). 
NOTE: coordinate (483.427,) has been dropped because of a coordinate filter. (s
ee also unbounded coords=jump). 
NOTE: coordinate (483.627,) has been dropped because of a coordinate filter. (s
ee also unbounded coords=jump). 
NOTE: coordinate (483.828,) has been dropped because of a coordinate filter. (s
ee also unbounded coords=jump). 
NOTE: coordinate (484.029,) has been dropped because of a coordinate filter. (s
ee also unbounded coords=jump). 
NOTE: coordinate (484.229,) has been dropped because of a coordinate filter. (s
ee also unbounded coords=jump). 
NOTE: coordinate (484.43,) has been dropped because of a coordinate filter. (se
e also unbounded coords=jump). 
NOTE: coordinate (484.63,) has been dropped because of a coordinate filter. (se
e also unbounded coords=jump). 
NOTE: coordinate (484.831,) has been dropped because of a coordinate filter. (s
ee also unbounded coords=jump). 
NOTE: coordinate (485.032,) has been dropped because of a coordinate filter. (s
ee also unbounded coords=jump). 
NOTE: coordinate (485.232,) has been dropped because of a coordinate filter. (s
ee also unbounded coords=jump). 
NOTE: coordinate (485.433,) has been dropped because of a coordinate filter. (s
ee also unbounded coords=jump). 
NOTE: coordinate (485.634,) has been dropped because of a coordinate filter. (s
ee also unbounded coords=jump). 
NOTE: coordinate (485.834,) has been dropped because of a coordinate filter. (s
ee also unbounded coords=jump). 
NOTE: coordinate (486.035,) has been dropped because of a coordinate filter. (s
ee also unbounded coords=jump). 
NOTE: coordinate (486.235,) has been dropped because of a coordinate filter. (s
ee also unbounded coords=jump). 
NOTE: coordinate (486.436,) has been dropped because of a coordinate filter. (s
ee also unbounded coords=jump). 
NOTE: coordinate (486.637,) has been dropped because of a coordinate filter. (s
ee also unbounded coords=jump). 
NOTE: coordinate (486.837,) has been dropped because of a coordinate filter. (s
ee also unbounded coords=jump). 
NOTE: coordinate (487.038,) has been dropped because of a coordinate filter. (s
ee also unbounded coords=jump). 
NOTE: coordinate (487.238,) has been dropped because of a coordinate filter. (s
ee also unbounded coords=jump). 
NOTE: coordinate (487.439,) has been dropped because of a coordinate filter. (s
ee also unbounded coords=jump). 
NOTE: coordinate (487.64,) has been dropped because of a coordinate filter. (se
e also unbounded coords=jump). 
NOTE: coordinate (487.84,) has been dropped because of a coordinate filter. (se
e also unbounded coords=jump). 
NOTE: coordinate (488.041,) has been dropped because of a coordinate filter. (s
ee also unbounded coords=jump). 
NOTE: coordinate (488.242,) has been dropped because of a coordinate filter. (s
ee also unbounded coords=jump). 
NOTE: coordinate (488.442,) has been dropped because of a coordinate filter. (s
ee also unbounded coords=jump). 
NOTE: coordinate (488.643,) has been dropped because of a coordinate filter. (s
ee also unbounded coords=jump). 
NOTE: coordinate (488.843,) has been dropped because of a coordinate filter. (s
ee also unbounded coords=jump). 
NOTE: coordinate (489.044,) has been dropped because of a coordinate filter. (s
ee also unbounded coords=jump). 
NOTE: coordinate (489.245,) has been dropped because of a coordinate filter. (s
ee also unbounded coords=jump). 
NOTE: coordinate (489.445,) has been dropped because of a coordinate filter. (s
ee also unbounded coords=jump). 
NOTE: coordinate (489.646,) has been dropped because of a coordinate filter. (s
ee also unbounded coords=jump). 
NOTE: coordinate (489.846,) has been dropped because of a coordinate filter. (s
ee also unbounded coords=jump). 
NOTE: coordinate (490.047,) has been dropped because of a coordinate filter. (s
ee also unbounded coords=jump). 
NOTE: coordinate (490.247,) has been dropped because of a coordinate filter. (s
ee also unbounded coords=jump). 
NOTE: coordinate (490.448,) has been dropped because of a coordinate filter. (s
ee also unbounded coords=jump). 
NOTE: coordinate (490.648,) has been dropped because of a coordinate filter. (s
ee also unbounded coords=jump). 
NOTE: coordinate (490.849,) has been dropped because of a coordinate filter. (s
ee also unbounded coords=jump). 
PGFPlots: reading {SpeedComparisonC1.csv}
LaTeX Font Info:    External font `cmex10' loaded for size
(Font)              <7> on input line 2478.
LaTeX Font Info:    External font `cmex10' loaded for size
(Font)              <5> on input line 2478.
Preview: Tightpage -655360 -655360 655360 655360
[1{c:/texlive/2016/texmf-var/fonts/map/pdftex/updmap/pdftex.map}]
(./SpeedComparisonC1.aux) ) 
Here is how much of TeX's memory you used:
 21539 strings out of 493013
 571250 string characters out of 6136994
 1482471 words of memory out of 5000000
 24745 multiletter control sequences out of 15000+600000
 3640 words of font info for 14 fonts, out of 8000000 for 9000
 1141 hyphenation exceptions out of 8191
 62i,18n,96p,740b,2076s stack positions out of 5000i,500n,10000p,200000b,80000s
<c:/texlive/2016/texmf-dist/fonts/type1/public/amsfo
nts/cm/cmr10.pfb><c:/texlive/2016/texmf-dist/fonts/type1/public/amsfonts/cm/cmr
5.pfb><c:/texlive/2016/texmf-dist/fonts/type1/public/amsfonts/cm/cmsy5.pfb>
Output written on SpeedComparisonC1.pdf (1 page, 71147 bytes).
PDF statistics:
 23 PDF objects out of 1000 (max. 8388607)
 16 compressed objects within 1 object stream
 0 named destinations out of 1000 (max. 500000)
 13 words of extra memory for PDF output out of 10000 (max. 10000000)

